<?xml version="1.0" encoding="UTF-8"?>
<!-- Generated by org.testng.reporters.JUnitXMLReporter -->
<testsuite ignored="0" hostname="Sajals-MacBook-Pro.local" failures="0" tests="8" name="CRM Test Cases" time="6.634" errors="0" timestamp="2021-05-20T00:10:17 IST">
  <testcase classname="com.demo.qa.testCases.LoginPageTest" name="@BeforeMethod setup" time="2.858">
    <failure type="org.openqa.selenium.SessionNotCreatedException" message="session not created: This version of ChromeDriver only supports Chrome version 91
Current browser version is 90.0.4430.212 with binary path /Applications/Google Chrome.app/Contents/MacOS/Google Chrome
Build info: version: &amp;apos;3.5.3&amp;apos;, revision: &amp;apos;a88d25fe6b&amp;apos;, time: &amp;apos;2017-08-29T12:42:44.417Z&amp;apos;
System info: host: &amp;apos;Sajals-MacBook-Pro.local&amp;apos;, ip: &amp;apos;2409:4061:80b:b036:dc02:f0e9:14ab:fe78%en0&amp;apos;, os.name: &amp;apos;Mac OS X&amp;apos;, os.arch: &amp;apos;x86_64&amp;apos;, os.version: &amp;apos;10.16&amp;apos;, java.version: &amp;apos;11.0.10&amp;apos;
Driver info: driver.version: ChromeDriver
remote stacktrace: 0   chromedriver                        0x0000000106f28029 chromedriver + 2740265
1   chromedriver                        0x00000001075dbcd3 chromedriver + 9768147
2   chromedriver                        0x0000000106cb7d58 chromedriver + 183640
3   chromedriver                        0x0000000106cdd6d6 chromedriver + 337622
4   chromedriver                        0x0000000106cd93c3 chromedriver + 320451
5   chromedriver                        0x0000000106cd5a56 chromedriver + 305750
6   chromedriver                        0x0000000106d0ded0 chromedriver + 536272
7   chromedriver                        0x0000000106d08d63 chromedriver + 515427
8   chromedriver                        0x0000000106cdf901 chromedriver + 346369
9   chromedriver                        0x0000000106ce0b35 chromedriver + 351029
10  chromedriver                        0x0000000106eefb4c chromedriver + 2509644
11  chromedriver                        0x0000000106f02a81 chromedriver + 2587265
12  chromedriver                        0x0000000106ed54f1 chromedriver + 2401521
13  chromedriver                        0x0000000106f03e4f chromedriver + 2592335
14  chromedriver                        0x0000000106ee5aec chromedriver + 2468588
15  chromedriver                        0x0000000106f1d358 chromedriver + 2696024
16  chromedriver                        0x0000000106f1d4eb chromedriver + 2696427
17  chromedriver                        0x0000000106f2cf38 chromedriver + 2760504
18  libsystem_pthread.dylib             0x00007fff204e8950 _pthread_start + 224
19  libsystem_pthread.dylib             0x00007fff204e447b thread_start + 15
">
      <![CDATA[org.openqa.selenium.SessionNotCreatedException: session not created: This version of ChromeDriver only supports Chrome version 91
Current browser version is 90.0.4430.212 with binary path /Applications/Google Chrome.app/Contents/MacOS/Google Chrome
Build info: version: '3.5.3', revision: 'a88d25fe6b', time: '2017-08-29T12:42:44.417Z'
System info: host: 'Sajals-MacBook-Pro.local', ip: '2409:4061:80b:b036:dc02:f0e9:14ab:fe78%en0', os.name: 'Mac OS X', os.arch: 'x86_64', os.version: '10.16', java.version: '11.0.10'
Driver info: driver.version: ChromeDriver
remote stacktrace: 0   chromedriver                        0x0000000106f28029 chromedriver + 2740265
1   chromedriver                        0x00000001075dbcd3 chromedriver + 9768147
2   chromedriver                        0x0000000106cb7d58 chromedriver + 183640
3   chromedriver                        0x0000000106cdd6d6 chromedriver + 337622
4   chromedriver                        0x0000000106cd93c3 chromedriver + 320451
5   chromedriver                        0x0000000106cd5a56 chromedriver + 305750
6   chromedriver                        0x0000000106d0ded0 chromedriver + 536272
7   chromedriver                        0x0000000106d08d63 chromedriver + 515427
8   chromedriver                        0x0000000106cdf901 chromedriver + 346369
9   chromedriver                        0x0000000106ce0b35 chromedriver + 351029
10  chromedriver                        0x0000000106eefb4c chromedriver + 2509644
11  chromedriver                        0x0000000106f02a81 chromedriver + 2587265
12  chromedriver                        0x0000000106ed54f1 chromedriver + 2401521
13  chromedriver                        0x0000000106f03e4f chromedriver + 2592335
14  chromedriver                        0x0000000106ee5aec chromedriver + 2468588
15  chromedriver                        0x0000000106f1d358 chromedriver + 2696024
16  chromedriver                        0x0000000106f1d4eb chromedriver + 2696427
17  chromedriver                        0x0000000106f2cf38 chromedriver + 2760504
18  libsystem_pthread.dylib             0x00007fff204e8950 _pthread_start + 224
19  libsystem_pthread.dylib             0x00007fff204e447b thread_start + 15

at org.openqa.selenium.remote.W3CHandshakeResponse.lambda$new$0(W3CHandshakeResponse.java:57)
at org.openqa.selenium.remote.W3CHandshakeResponse.lambda$getResponseFunction$2(W3CHandshakeResponse.java:104)
at org.openqa.selenium.remote.ProtocolHandshake.lambda$createSession$24(ProtocolHandshake.java:359)
at java.base/java.util.stream.ReferencePipeline$3$1.accept(ReferencePipeline.java:195)
at java.base/java.util.Spliterators$ArraySpliterator.tryAdvance(Spliterators.java:958)
at java.base/java.util.stream.ReferencePipeline.forEachWithCancel(ReferencePipeline.java:127)
at java.base/java.util.stream.AbstractPipeline.copyIntoWithCancel(AbstractPipeline.java:502)
at java.base/java.util.stream.AbstractPipeline.copyInto(AbstractPipeline.java:488)
at java.base/java.util.stream.AbstractPipeline.wrapAndCopyInto(AbstractPipeline.java:474)
at java.base/java.util.stream.FindOps$FindOp.evaluateSequential(FindOps.java:150)
at java.base/java.util.stream.AbstractPipeline.evaluate(AbstractPipeline.java:234)
at java.base/java.util.stream.ReferencePipeline.findFirst(ReferencePipeline.java:543)
at org.openqa.selenium.remote.ProtocolHandshake.createSession(ProtocolHandshake.java:362)
at org.openqa.selenium.remote.ProtocolHandshake.createSession(ProtocolHandshake.java:136)
at org.openqa.selenium.remote.HttpCommandExecutor.execute(HttpCommandExecutor.java:142)
at org.openqa.selenium.remote.service.DriverCommandExecutor.execute(DriverCommandExecutor.java:82)
at org.openqa.selenium.remote.RemoteWebDriver.execute(RemoteWebDriver.java:646)
at org.openqa.selenium.remote.RemoteWebDriver.startSession(RemoteWebDriver.java:255)
at org.openqa.selenium.remote.RemoteWebDriver.startSession(RemoteWebDriver.java:237)
at org.openqa.selenium.remote.RemoteWebDriver.<init>(RemoteWebDriver.java:138)
at org.openqa.selenium.chrome.ChromeDriver.<init>(ChromeDriver.java:178)
at org.openqa.selenium.chrome.ChromeDriver.<init>(ChromeDriver.java:167)
at org.openqa.selenium.chrome.ChromeDriver.<init>(ChromeDriver.java:124)
at com.demo.qa.base.TestBase.initialization(TestBase.java:47)
at com.demo.qa.testCases.LoginPageTest.setup(LoginPageTest.java:29)
at java.base/java.util.ArrayList.forEach(ArrayList.java:1541)
... Removed 35 stack frames]]>
    </failure>
  </testcase> <!-- @BeforeMethod setup -->
  <testcase classname="com.demo.qa.testCases.LoginPageTest" name="@AfterMethod tearDown" time="-1.62144960919E9">
    <skipped/>
  </testcase> <!-- @AfterMethod tearDown -->
  <testcase classname="com.demo.qa.testCases.LoginPageTest" name="@BeforeMethod setup" time="-1.621449609197E9">
    <skipped/>
  </testcase> <!-- @BeforeMethod setup -->
  <testcase classname="com.demo.qa.testCases.LoginPageTest" name="@AfterMethod tearDown" time="-1.621449609204E9">
    <skipped/>
  </testcase> <!-- @AfterMethod tearDown -->
  <testcase classname="com.demo.qa.testCases.LoginPageTest" name="@BeforeMethod setup" time="-1.621449609206E9">
    <skipped/>
  </testcase> <!-- @BeforeMethod setup -->
  <testcase classname="com.demo.qa.testCases.LoginPageTest" name="@AfterMethod tearDown" time="-1.621449609212E9">
    <skipped/>
  </testcase> <!-- @AfterMethod tearDown -->
  <testcase classname="com.demo.qa.testCases.HomePageTest" name="@BeforeMethod setup" time="1.935">
    <failure type="org.openqa.selenium.SessionNotCreatedException" message="session not created: This version of ChromeDriver only supports Chrome version 91
Current browser version is 90.0.4430.212 with binary path /Applications/Google Chrome.app/Contents/MacOS/Google Chrome
Build info: version: &amp;apos;3.5.3&amp;apos;, revision: &amp;apos;a88d25fe6b&amp;apos;, time: &amp;apos;2017-08-29T12:42:44.417Z&amp;apos;
System info: host: &amp;apos;Sajals-MacBook-Pro.local&amp;apos;, ip: &amp;apos;2409:4061:80b:b036:dc02:f0e9:14ab:fe78%en0&amp;apos;, os.name: &amp;apos;Mac OS X&amp;apos;, os.arch: &amp;apos;x86_64&amp;apos;, os.version: &amp;apos;10.16&amp;apos;, java.version: &amp;apos;11.0.10&amp;apos;
Driver info: driver.version: ChromeDriver
remote stacktrace: 0   chromedriver                        0x000000010a791029 chromedriver + 2740265
1   chromedriver                        0x000000010ae44cd3 chromedriver + 9768147
2   chromedriver                        0x000000010a520d58 chromedriver + 183640
3   chromedriver                        0x000000010a5466d6 chromedriver + 337622
4   chromedriver                        0x000000010a5423c3 chromedriver + 320451
5   chromedriver                        0x000000010a53ea56 chromedriver + 305750
6   chromedriver                        0x000000010a576ed0 chromedriver + 536272
7   chromedriver                        0x000000010a571d63 chromedriver + 515427
8   chromedriver                        0x000000010a548901 chromedriver + 346369
9   chromedriver                        0x000000010a549b35 chromedriver + 351029
10  chromedriver                        0x000000010a758b4c chromedriver + 2509644
11  chromedriver                        0x000000010a76ba81 chromedriver + 2587265
12  chromedriver                        0x000000010a73e4f1 chromedriver + 2401521
13  chromedriver                        0x000000010a76ce4f chromedriver + 2592335
14  chromedriver                        0x000000010a74eaec chromedriver + 2468588
15  chromedriver                        0x000000010a786358 chromedriver + 2696024
16  chromedriver                        0x000000010a7864eb chromedriver + 2696427
17  chromedriver                        0x000000010a795f38 chromedriver + 2760504
18  libsystem_pthread.dylib             0x00007fff204e8950 _pthread_start + 224
19  libsystem_pthread.dylib             0x00007fff204e447b thread_start + 15
">
      <![CDATA[org.openqa.selenium.SessionNotCreatedException: session not created: This version of ChromeDriver only supports Chrome version 91
Current browser version is 90.0.4430.212 with binary path /Applications/Google Chrome.app/Contents/MacOS/Google Chrome
Build info: version: '3.5.3', revision: 'a88d25fe6b', time: '2017-08-29T12:42:44.417Z'
System info: host: 'Sajals-MacBook-Pro.local', ip: '2409:4061:80b:b036:dc02:f0e9:14ab:fe78%en0', os.name: 'Mac OS X', os.arch: 'x86_64', os.version: '10.16', java.version: '11.0.10'
Driver info: driver.version: ChromeDriver
remote stacktrace: 0   chromedriver                        0x000000010a791029 chromedriver + 2740265
1   chromedriver                        0x000000010ae44cd3 chromedriver + 9768147
2   chromedriver                        0x000000010a520d58 chromedriver + 183640
3   chromedriver                        0x000000010a5466d6 chromedriver + 337622
4   chromedriver                        0x000000010a5423c3 chromedriver + 320451
5   chromedriver                        0x000000010a53ea56 chromedriver + 305750
6   chromedriver                        0x000000010a576ed0 chromedriver + 536272
7   chromedriver                        0x000000010a571d63 chromedriver + 515427
8   chromedriver                        0x000000010a548901 chromedriver + 346369
9   chromedriver                        0x000000010a549b35 chromedriver + 351029
10  chromedriver                        0x000000010a758b4c chromedriver + 2509644
11  chromedriver                        0x000000010a76ba81 chromedriver + 2587265
12  chromedriver                        0x000000010a73e4f1 chromedriver + 2401521
13  chromedriver                        0x000000010a76ce4f chromedriver + 2592335
14  chromedriver                        0x000000010a74eaec chromedriver + 2468588
15  chromedriver                        0x000000010a786358 chromedriver + 2696024
16  chromedriver                        0x000000010a7864eb chromedriver + 2696427
17  chromedriver                        0x000000010a795f38 chromedriver + 2760504
18  libsystem_pthread.dylib             0x00007fff204e8950 _pthread_start + 224
19  libsystem_pthread.dylib             0x00007fff204e447b thread_start + 15

at org.openqa.selenium.remote.W3CHandshakeResponse.lambda$new$0(W3CHandshakeResponse.java:57)
at org.openqa.selenium.remote.W3CHandshakeResponse.lambda$getResponseFunction$2(W3CHandshakeResponse.java:104)
at org.openqa.selenium.remote.ProtocolHandshake.lambda$createSession$24(ProtocolHandshake.java:359)
at java.base/java.util.stream.ReferencePipeline$3$1.accept(ReferencePipeline.java:195)
at java.base/java.util.Spliterators$ArraySpliterator.tryAdvance(Spliterators.java:958)
at java.base/java.util.stream.ReferencePipeline.forEachWithCancel(ReferencePipeline.java:127)
at java.base/java.util.stream.AbstractPipeline.copyIntoWithCancel(AbstractPipeline.java:502)
at java.base/java.util.stream.AbstractPipeline.copyInto(AbstractPipeline.java:488)
at java.base/java.util.stream.AbstractPipeline.wrapAndCopyInto(AbstractPipeline.java:474)
at java.base/java.util.stream.FindOps$FindOp.evaluateSequential(FindOps.java:150)
at java.base/java.util.stream.AbstractPipeline.evaluate(AbstractPipeline.java:234)
at java.base/java.util.stream.ReferencePipeline.findFirst(ReferencePipeline.java:543)
at org.openqa.selenium.remote.ProtocolHandshake.createSession(ProtocolHandshake.java:362)
at org.openqa.selenium.remote.ProtocolHandshake.createSession(ProtocolHandshake.java:136)
at org.openqa.selenium.remote.HttpCommandExecutor.execute(HttpCommandExecutor.java:142)
at org.openqa.selenium.remote.service.DriverCommandExecutor.execute(DriverCommandExecutor.java:82)
at org.openqa.selenium.remote.RemoteWebDriver.execute(RemoteWebDriver.java:646)
at org.openqa.selenium.remote.RemoteWebDriver.startSession(RemoteWebDriver.java:255)
at org.openqa.selenium.remote.RemoteWebDriver.startSession(RemoteWebDriver.java:237)
at org.openqa.selenium.remote.RemoteWebDriver.<init>(RemoteWebDriver.java:138)
at org.openqa.selenium.chrome.ChromeDriver.<init>(ChromeDriver.java:178)
at org.openqa.selenium.chrome.ChromeDriver.<init>(ChromeDriver.java:167)
at org.openqa.selenium.chrome.ChromeDriver.<init>(ChromeDriver.java:124)
at com.demo.qa.base.TestBase.initialization(TestBase.java:47)
at com.demo.qa.testCases.HomePageTest.setup(HomePageTest.java:33)
at java.base/java.util.ArrayList.forEach(ArrayList.java:1541)
... Removed 35 stack frames]]>
    </failure>
  </testcase> <!-- @BeforeMethod setup -->
  <testcase classname="com.demo.qa.testCases.HomePageTest" name="@AfterMethod teardown" time="-1.621449611156E9">
    <skipped/>
  </testcase> <!-- @AfterMethod teardown -->
  <testcase classname="com.demo.qa.testCases.HomePageTest" name="@BeforeMethod setup" time="-1.621449611157E9">
    <skipped/>
  </testcase> <!-- @BeforeMethod setup -->
  <testcase classname="com.demo.qa.testCases.HomePageTest" name="@AfterMethod teardown" time="-1.621449611162E9">
    <skipped/>
  </testcase> <!-- @AfterMethod teardown -->
  <testcase classname="com.demo.qa.testCases.HomePageTest" name="@BeforeMethod setup" time="-1.621449611164E9">
    <skipped/>
  </testcase> <!-- @BeforeMethod setup -->
  <testcase classname="com.demo.qa.testCases.HomePageTest" name="@AfterMethod teardown" time="-1.621449611168E9">
    <skipped/>
  </testcase> <!-- @AfterMethod teardown -->
  <testcase classname="com.demo.qa.testCases.ContactsPageTest" name="@BeforeMethod setup" time="1.712">
    <failure type="org.openqa.selenium.SessionNotCreatedException" message="session not created: This version of ChromeDriver only supports Chrome version 91
Current browser version is 90.0.4430.212 with binary path /Applications/Google Chrome.app/Contents/MacOS/Google Chrome
Build info: version: &amp;apos;3.5.3&amp;apos;, revision: &amp;apos;a88d25fe6b&amp;apos;, time: &amp;apos;2017-08-29T12:42:44.417Z&amp;apos;
System info: host: &amp;apos;Sajals-MacBook-Pro.local&amp;apos;, ip: &amp;apos;2409:4061:80b:b036:dc02:f0e9:14ab:fe78%en0&amp;apos;, os.name: &amp;apos;Mac OS X&amp;apos;, os.arch: &amp;apos;x86_64&amp;apos;, os.version: &amp;apos;10.16&amp;apos;, java.version: &amp;apos;11.0.10&amp;apos;
Driver info: driver.version: ChromeDriver
remote stacktrace: 0   chromedriver                        0x0000000103287029 chromedriver + 2740265
1   chromedriver                        0x000000010393acd3 chromedriver + 9768147
2   chromedriver                        0x0000000103016d58 chromedriver + 183640
3   chromedriver                        0x000000010303c6d6 chromedriver + 337622
4   chromedriver                        0x00000001030383c3 chromedriver + 320451
5   chromedriver                        0x0000000103034a56 chromedriver + 305750
6   chromedriver                        0x000000010306ced0 chromedriver + 536272
7   chromedriver                        0x0000000103067d63 chromedriver + 515427
8   chromedriver                        0x000000010303e901 chromedriver + 346369
9   chromedriver                        0x000000010303fb35 chromedriver + 351029
10  chromedriver                        0x000000010324eb4c chromedriver + 2509644
11  chromedriver                        0x0000000103261a81 chromedriver + 2587265
12  chromedriver                        0x00000001032344f1 chromedriver + 2401521
13  chromedriver                        0x0000000103262e4f chromedriver + 2592335
14  chromedriver                        0x0000000103244aec chromedriver + 2468588
15  chromedriver                        0x000000010327c358 chromedriver + 2696024
16  chromedriver                        0x000000010327c4eb chromedriver + 2696427
17  chromedriver                        0x000000010328bf38 chromedriver + 2760504
18  libsystem_pthread.dylib             0x00007fff204e8950 _pthread_start + 224
19  libsystem_pthread.dylib             0x00007fff204e447b thread_start + 15
">
      <![CDATA[org.openqa.selenium.SessionNotCreatedException: session not created: This version of ChromeDriver only supports Chrome version 91
Current browser version is 90.0.4430.212 with binary path /Applications/Google Chrome.app/Contents/MacOS/Google Chrome
Build info: version: '3.5.3', revision: 'a88d25fe6b', time: '2017-08-29T12:42:44.417Z'
System info: host: 'Sajals-MacBook-Pro.local', ip: '2409:4061:80b:b036:dc02:f0e9:14ab:fe78%en0', os.name: 'Mac OS X', os.arch: 'x86_64', os.version: '10.16', java.version: '11.0.10'
Driver info: driver.version: ChromeDriver
remote stacktrace: 0   chromedriver                        0x0000000103287029 chromedriver + 2740265
1   chromedriver                        0x000000010393acd3 chromedriver + 9768147
2   chromedriver                        0x0000000103016d58 chromedriver + 183640
3   chromedriver                        0x000000010303c6d6 chromedriver + 337622
4   chromedriver                        0x00000001030383c3 chromedriver + 320451
5   chromedriver                        0x0000000103034a56 chromedriver + 305750
6   chromedriver                        0x000000010306ced0 chromedriver + 536272
7   chromedriver                        0x0000000103067d63 chromedriver + 515427
8   chromedriver                        0x000000010303e901 chromedriver + 346369
9   chromedriver                        0x000000010303fb35 chromedriver + 351029
10  chromedriver                        0x000000010324eb4c chromedriver + 2509644
11  chromedriver                        0x0000000103261a81 chromedriver + 2587265
12  chromedriver                        0x00000001032344f1 chromedriver + 2401521
13  chromedriver                        0x0000000103262e4f chromedriver + 2592335
14  chromedriver                        0x0000000103244aec chromedriver + 2468588
15  chromedriver                        0x000000010327c358 chromedriver + 2696024
16  chromedriver                        0x000000010327c4eb chromedriver + 2696427
17  chromedriver                        0x000000010328bf38 chromedriver + 2760504
18  libsystem_pthread.dylib             0x00007fff204e8950 _pthread_start + 224
19  libsystem_pthread.dylib             0x00007fff204e447b thread_start + 15

at org.openqa.selenium.remote.W3CHandshakeResponse.lambda$new$0(W3CHandshakeResponse.java:57)
at org.openqa.selenium.remote.W3CHandshakeResponse.lambda$getResponseFunction$2(W3CHandshakeResponse.java:104)
at org.openqa.selenium.remote.ProtocolHandshake.lambda$createSession$24(ProtocolHandshake.java:359)
at java.base/java.util.stream.ReferencePipeline$3$1.accept(ReferencePipeline.java:195)
at java.base/java.util.Spliterators$ArraySpliterator.tryAdvance(Spliterators.java:958)
at java.base/java.util.stream.ReferencePipeline.forEachWithCancel(ReferencePipeline.java:127)
at java.base/java.util.stream.AbstractPipeline.copyIntoWithCancel(AbstractPipeline.java:502)
at java.base/java.util.stream.AbstractPipeline.copyInto(AbstractPipeline.java:488)
at java.base/java.util.stream.AbstractPipeline.wrapAndCopyInto(AbstractPipeline.java:474)
at java.base/java.util.stream.FindOps$FindOp.evaluateSequential(FindOps.java:150)
at java.base/java.util.stream.AbstractPipeline.evaluate(AbstractPipeline.java:234)
at java.base/java.util.stream.ReferencePipeline.findFirst(ReferencePipeline.java:543)
at org.openqa.selenium.remote.ProtocolHandshake.createSession(ProtocolHandshake.java:362)
at org.openqa.selenium.remote.ProtocolHandshake.createSession(ProtocolHandshake.java:136)
at org.openqa.selenium.remote.HttpCommandExecutor.execute(HttpCommandExecutor.java:142)
at org.openqa.selenium.remote.service.DriverCommandExecutor.execute(DriverCommandExecutor.java:82)
at org.openqa.selenium.remote.RemoteWebDriver.execute(RemoteWebDriver.java:646)
at org.openqa.selenium.remote.RemoteWebDriver.startSession(RemoteWebDriver.java:255)
at org.openqa.selenium.remote.RemoteWebDriver.startSession(RemoteWebDriver.java:237)
at org.openqa.selenium.remote.RemoteWebDriver.<init>(RemoteWebDriver.java:138)
at org.openqa.selenium.chrome.ChromeDriver.<init>(ChromeDriver.java:178)
at org.openqa.selenium.chrome.ChromeDriver.<init>(ChromeDriver.java:167)
at org.openqa.selenium.chrome.ChromeDriver.<init>(ChromeDriver.java:124)
at com.demo.qa.base.TestBase.initialization(TestBase.java:47)
at com.demo.qa.testCases.ContactsPageTest.setup(ContactsPageTest.java:36)
at java.base/java.util.ArrayList.forEach(ArrayList.java:1541)
... Removed 35 stack frames]]>
    </failure>
  </testcase> <!-- @BeforeMethod setup -->
  <testcase classname="com.demo.qa.testCases.ContactsPageTest" name="@AfterMethod tearDown" time="-1.62144961289E9">
    <skipped/>
  </testcase> <!-- @AfterMethod tearDown -->
  <testcase classname="com.demo.qa.testCases.LoginPageTest" name="loginPageTitleTest" time="0.0">
    <skipped/>
  </testcase> <!-- loginPageTitleTest -->
  <testcase classname="com.demo.qa.testCases.LoginPageTest" name="crmLogoImageTest" time="0.0">
    <skipped/>
  </testcase> <!-- crmLogoImageTest -->
  <testcase classname="com.demo.qa.testCases.LoginPageTest" name="loginTest" time="0.0">
    <skipped/>
  </testcase> <!-- loginTest -->
  <testcase classname="com.demo.qa.testCases.HomePageTest" name="verifyHomePageTitleTest" time="0.0">
    <skipped/>
  </testcase> <!-- verifyHomePageTitleTest -->
  <testcase classname="com.demo.qa.testCases.HomePageTest" name="verifyUserNametest" time="0.0">
    <skipped/>
  </testcase> <!-- verifyUserNametest -->
  <testcase classname="com.demo.qa.testCases.HomePageTest" name="verifyContactsLink" time="0.0">
    <skipped/>
  </testcase> <!-- verifyContactsLink -->
  <testcase classname="com.demo.qa.testCases.ContactsPageTest" name="verifyContactsLabelTest" time="0.0">
    <skipped/>
  </testcase> <!-- verifyContactsLabelTest -->
  <testcase classname="com.demo.qa.testCases.ContactsPageTest" name="validateCreateNewContact" time="0.0">
    <skipped/>
  </testcase> <!-- validateCreateNewContact -->
</testsuite> <!-- CRM Test Cases -->
