<?xml version="1.0" encoding="UTF-8"?>
<!-- Generated by org.testng.reporters.JUnitReportReporter -->
<testsuite hostname="Sajals-MacBook-Pro.local" failures="0" tests="4" name="com.demo.qa.testCases.HomePageTest" time="1.935" errors="1" timestamp="2021-05-20T00:10:18 IST" skipped="3">
  <testcase classname="com.demo.qa.testCases.HomePageTest" name="setup" time="1.935">
    <error message="session not created: This version of ChromeDriver only supports Chrome version 91
Current browser version is 90.0.4430.212 with binary path /Applications/Google Chrome.app/Contents/MacOS/Google Chrome
Build info: version: &#039;3.5.3&#039;, revision: &#039;a88d25fe6b&#039;, time: &#039;2017-08-29T12:42:44.417Z&#039;
System info: host: &#039;Sajals-MacBook-Pro.local&#039;, ip: &#039;2409:4061:80b:b036:dc02:f0e9:14ab:fe78%en0&#039;, os.name: &#039;Mac OS X&#039;, os.arch: &#039;x86_64&#039;, os.version: &#039;10.16&#039;, java.version: &#039;11.0.10&#039;
Driver info: driver.version: ChromeDriver
remote stacktrace: 0   chromedriver                        0x000000010a791029 chromedriver + 2740265
1   chromedriver                        0x000000010ae44cd3 chromedriver + 9768147
2   chromedriver                        0x000000010a520d58 chromedriver + 183640
3   chromedriver                        0x000000010a5466d6 chromedriver + 337622
4   chromedriver                        0x000000010a5423c3 chromedriver + 320451
5   chromedriver                        0x000000010a53ea56 chromedriver + 305750
6   chromedriver                        0x000000010a576ed0 chromedriver + 536272
7   chromedriver                        0x000000010a571d63 chromedriver + 515427
8   chromedriver                        0x000000010a548901 chromedriver + 346369
9   chromedriver                        0x000000010a549b35 chromedriver + 351029
10  chromedriver                        0x000000010a758b4c chromedriver + 2509644
11  chromedriver                        0x000000010a76ba81 chromedriver + 2587265
12  chromedriver                        0x000000010a73e4f1 chromedriver + 2401521
13  chromedriver                        0x000000010a76ce4f chromedriver + 2592335
14  chromedriver                        0x000000010a74eaec chromedriver + 2468588
15  chromedriver                        0x000000010a786358 chromedriver + 2696024
16  chromedriver                        0x000000010a7864eb chromedriver + 2696427
17  chromedriver                        0x000000010a795f38 chromedriver + 2760504
18  libsystem_pthread.dylib             0x00007fff204e8950 _pthread_start + 224
19  libsystem_pthread.dylib             0x00007fff204e447b thread_start + 15
" type="org.openqa.selenium.SessionNotCreatedException">
      <![CDATA[org.openqa.selenium.SessionNotCreatedException: session not created: This version of ChromeDriver only supports Chrome version 91
Current browser version is 90.0.4430.212 with binary path /Applications/Google Chrome.app/Contents/MacOS/Google Chrome
Build info: version: '3.5.3', revision: 'a88d25fe6b', time: '2017-08-29T12:42:44.417Z'
System info: host: 'Sajals-MacBook-Pro.local', ip: '2409:4061:80b:b036:dc02:f0e9:14ab:fe78%en0', os.name: 'Mac OS X', os.arch: 'x86_64', os.version: '10.16', java.version: '11.0.10'
Driver info: driver.version: ChromeDriver
remote stacktrace: 0   chromedriver                        0x000000010a791029 chromedriver + 2740265
1   chromedriver                        0x000000010ae44cd3 chromedriver + 9768147
2   chromedriver                        0x000000010a520d58 chromedriver + 183640
3   chromedriver                        0x000000010a5466d6 chromedriver + 337622
4   chromedriver                        0x000000010a5423c3 chromedriver + 320451
5   chromedriver                        0x000000010a53ea56 chromedriver + 305750
6   chromedriver                        0x000000010a576ed0 chromedriver + 536272
7   chromedriver                        0x000000010a571d63 chromedriver + 515427
8   chromedriver                        0x000000010a548901 chromedriver + 346369
9   chromedriver                        0x000000010a549b35 chromedriver + 351029
10  chromedriver                        0x000000010a758b4c chromedriver + 2509644
11  chromedriver                        0x000000010a76ba81 chromedriver + 2587265
12  chromedriver                        0x000000010a73e4f1 chromedriver + 2401521
13  chromedriver                        0x000000010a76ce4f chromedriver + 2592335
14  chromedriver                        0x000000010a74eaec chromedriver + 2468588
15  chromedriver                        0x000000010a786358 chromedriver + 2696024
16  chromedriver                        0x000000010a7864eb chromedriver + 2696427
17  chromedriver                        0x000000010a795f38 chromedriver + 2760504
18  libsystem_pthread.dylib             0x00007fff204e8950 _pthread_start + 224
19  libsystem_pthread.dylib             0x00007fff204e447b thread_start + 15

at java.base/jdk.internal.reflect.NativeConstructorAccessorImpl.newInstance0(Native Method)
at java.base/jdk.internal.reflect.NativeConstructorAccessorImpl.newInstance(NativeConstructorAccessorImpl.java:62)
at java.base/jdk.internal.reflect.DelegatingConstructorAccessorImpl.newInstance(DelegatingConstructorAccessorImpl.java:45)
at java.base/java.lang.reflect.Constructor.newInstance(Constructor.java:490)
at org.openqa.selenium.remote.W3CHandshakeResponse.lambda$new$0(W3CHandshakeResponse.java:57)
at org.openqa.selenium.remote.W3CHandshakeResponse.lambda$getResponseFunction$2(W3CHandshakeResponse.java:104)
at org.openqa.selenium.remote.ProtocolHandshake.lambda$createSession$24(ProtocolHandshake.java:359)
at java.base/java.util.stream.ReferencePipeline$3$1.accept(ReferencePipeline.java:195)
at java.base/java.util.Spliterators$ArraySpliterator.tryAdvance(Spliterators.java:958)
at java.base/java.util.stream.ReferencePipeline.forEachWithCancel(ReferencePipeline.java:127)
at java.base/java.util.stream.AbstractPipeline.copyIntoWithCancel(AbstractPipeline.java:502)
at java.base/java.util.stream.AbstractPipeline.copyInto(AbstractPipeline.java:488)
at java.base/java.util.stream.AbstractPipeline.wrapAndCopyInto(AbstractPipeline.java:474)
at java.base/java.util.stream.FindOps$FindOp.evaluateSequential(FindOps.java:150)
at java.base/java.util.stream.AbstractPipeline.evaluate(AbstractPipeline.java:234)
at java.base/java.util.stream.ReferencePipeline.findFirst(ReferencePipeline.java:543)
at org.openqa.selenium.remote.ProtocolHandshake.createSession(ProtocolHandshake.java:362)
at org.openqa.selenium.remote.ProtocolHandshake.createSession(ProtocolHandshake.java:136)
at org.openqa.selenium.remote.HttpCommandExecutor.execute(HttpCommandExecutor.java:142)
at org.openqa.selenium.remote.service.DriverCommandExecutor.execute(DriverCommandExecutor.java:82)
at org.openqa.selenium.remote.RemoteWebDriver.execute(RemoteWebDriver.java:646)
at org.openqa.selenium.remote.RemoteWebDriver.startSession(RemoteWebDriver.java:255)
at org.openqa.selenium.remote.RemoteWebDriver.startSession(RemoteWebDriver.java:237)
at org.openqa.selenium.remote.RemoteWebDriver.<init>(RemoteWebDriver.java:138)
at org.openqa.selenium.chrome.ChromeDriver.<init>(ChromeDriver.java:178)
at org.openqa.selenium.chrome.ChromeDriver.<init>(ChromeDriver.java:167)
at org.openqa.selenium.chrome.ChromeDriver.<init>(ChromeDriver.java:124)
at com.demo.qa.base.TestBase.initialization(TestBase.java:47)
at com.demo.qa.testCases.HomePageTest.setup(HomePageTest.java:33)
at java.base/jdk.internal.reflect.NativeMethodAccessorImpl.invoke0(Native Method)
at java.base/jdk.internal.reflect.NativeMethodAccessorImpl.invoke(NativeMethodAccessorImpl.java:62)
at java.base/jdk.internal.reflect.DelegatingMethodAccessorImpl.invoke(DelegatingMethodAccessorImpl.java:43)
at java.base/java.lang.reflect.Method.invoke(Method.java:566)
at org.testng.internal.MethodInvocationHelper.invokeMethod(MethodInvocationHelper.java:133)
at org.testng.internal.MethodInvocationHelper.invokeMethodConsideringTimeout(MethodInvocationHelper.java:62)
at org.testng.internal.ConfigInvoker.invokeConfigurationMethod(ConfigInvoker.java:385)
at org.testng.internal.ConfigInvoker.invokeConfigurations(ConfigInvoker.java:321)
at org.testng.internal.TestInvoker.runConfigMethods(TestInvoker.java:700)
at org.testng.internal.TestInvoker.invokeMethod(TestInvoker.java:527)
at org.testng.internal.TestInvoker.invokeTestMethod(TestInvoker.java:173)
at org.testng.internal.MethodRunner.runInSequence(MethodRunner.java:46)
at org.testng.internal.TestInvoker$MethodInvocationAgent.invoke(TestInvoker.java:824)
at org.testng.internal.TestInvoker.invokeTestMethods(TestInvoker.java:146)
at org.testng.internal.TestMethodWorker.invokeTestMethods(TestMethodWorker.java:146)
at org.testng.internal.TestMethodWorker.run(TestMethodWorker.java:128)
at java.base/java.util.ArrayList.forEach(ArrayList.java:1541)
at org.testng.TestRunner.privateRun(TestRunner.java:794)
at org.testng.TestRunner.run(TestRunner.java:596)
at org.testng.SuiteRunner.runTest(SuiteRunner.java:377)
at org.testng.SuiteRunner.runSequentially(SuiteRunner.java:371)
at org.testng.SuiteRunner.privateRun(SuiteRunner.java:332)
at org.testng.SuiteRunner.run(SuiteRunner.java:276)
at org.testng.SuiteRunnerWorker.runSuite(SuiteRunnerWorker.java:53)
at org.testng.SuiteRunnerWorker.run(SuiteRunnerWorker.java:96)
at org.testng.TestNG.runSuitesSequentially(TestNG.java:1212)
at org.testng.TestNG.runSuitesLocally(TestNG.java:1134)
at org.testng.TestNG.runSuites(TestNG.java:1063)
at org.testng.TestNG.run(TestNG.java:1031)
at org.testng.remote.AbstractRemoteTestNG.run(AbstractRemoteTestNG.java:115)
at org.testng.remote.RemoteTestNG.initAndRun(RemoteTestNG.java:251)
at org.testng.remote.RemoteTestNG.main(RemoteTestNG.java:77)
]]>
    </error>
  </testcase> <!-- setup -->
  <system-out/>
  <testcase classname="com.demo.qa.testCases.HomePageTest" name="verifyHomePageTitleTest" time="0.000">
    <skipped/>
  </testcase> <!-- verifyHomePageTitleTest -->
  <system-out/>
  <testcase classname="com.demo.qa.testCases.HomePageTest" name="verifyUserNametest" time="0.000">
    <skipped/>
  </testcase> <!-- verifyUserNametest -->
  <system-out/>
  <testcase classname="com.demo.qa.testCases.HomePageTest" name="verifyContactsLink" time="0.000">
    <skipped/>
  </testcase> <!-- verifyContactsLink -->
  <system-out/>
</testsuite> <!-- com.demo.qa.testCases.HomePageTest -->
